[0.141s] DEBUG:colcon:Command line arguments: ['/bin/colcon', 'list', '-p', '--base-paths', '/home/penguine/ros2_ws']
[0.142s] DEBUG:colcon:Parsed command line arguments: Namespace(log_base=None, log_level=None, verb_name='list', build_base='build', ignore_user_meta=False, metas=['./colcon.meta'], base_paths=['/home/penguine/ros2_ws'], packages_ignore=None, packages_ignore_regex=None, paths=None, packages_up_to=None, packages_up_to_regex=None, packages_above=None, packages_above_and_dependencies=None, packages_above_depth=None, packages_select_by_dep=None, packages_skip_by_dep=None, packages_skip_up_to=None, packages_select_build_failed=False, packages_skip_build_finished=False, packages_select_test_failures=False, packages_skip_test_passed=False, packages_select=None, packages_skip=None, packages_select_regex=None, packages_skip_regex=None, packages_start=None, packages_end=None, allow_overriding=[], topological_order=False, names_only=False, paths_only=True, topological_graph=False, topological_graph_dot=False, topological_graph_density=False, topological_graph_legend=False, topological_graph_dot_cluster=False, topological_graph_dot_include_skipped=False, mixin_files=None, mixin=None, verb_parser=<colcon_mixin.mixin.mixin_argument.MixinArgumentDecorator object at 0x7f23f42e4040>, verb_extension=<colcon_package_information.verb.list.ListVerb object at 0x7f23f42ab280>, main=<bound method ListVerb.main of <colcon_package_information.verb.list.ListVerb object at 0x7f23f42ab280>>, mixin_verb=('list',))
[0.380s] Level 1:colcon.colcon_core.package_discovery:discover_packages(colcon_meta) check parameters
[0.380s] Level 1:colcon.colcon_core.package_discovery:discover_packages(recursive) check parameters
[0.380s] Level 1:colcon.colcon_core.package_discovery:discover_packages(ignore) check parameters
[0.380s] Level 1:colcon.colcon_core.package_discovery:discover_packages(path) check parameters
[0.380s] Level 1:colcon.colcon_core.package_discovery:discover_packages(recursive) discover
[0.380s] INFO:colcon.colcon_core.package_discovery:Crawling recursively for packages in '/home/penguine/ros2_ws'
[0.381s] Level 1:colcon.colcon_core.package_identification:_identify(/home/penguine/ros2_ws) by extensions ['ignore', 'ignore_ament_install']
[0.381s] Level 1:colcon.colcon_core.package_identification:_identify(/home/penguine/ros2_ws) by extension 'ignore'
[0.382s] Level 1:colcon.colcon_core.package_identification:_identify(/home/penguine/ros2_ws) by extension 'ignore_ament_install'
[0.382s] Level 1:colcon.colcon_core.package_identification:_identify(/home/penguine/ros2_ws) by extensions ['colcon_pkg']
[0.382s] Level 1:colcon.colcon_core.package_identification:_identify(/home/penguine/ros2_ws) by extension 'colcon_pkg'
[0.382s] Level 1:colcon.colcon_core.package_identification:_identify(/home/penguine/ros2_ws) by extensions ['colcon_meta']
[0.382s] Level 1:colcon.colcon_core.package_identification:_identify(/home/penguine/ros2_ws) by extension 'colcon_meta'
[0.382s] Level 1:colcon.colcon_core.package_identification:_identify(/home/penguine/ros2_ws) by extensions ['ros']
[0.382s] Level 1:colcon.colcon_core.package_identification:_identify(/home/penguine/ros2_ws) by extension 'ros'
[0.395s] Level 1:colcon.colcon_core.package_identification:_identify(/home/penguine/ros2_ws) by extensions ['cmake', 'python']
[0.395s] Level 1:colcon.colcon_core.package_identification:_identify(/home/penguine/ros2_ws) by extension 'cmake'
[0.395s] Level 1:colcon.colcon_core.package_identification:_identify(/home/penguine/ros2_ws) by extension 'python'
[0.395s] Level 1:colcon.colcon_core.package_identification:_identify(/home/penguine/ros2_ws) by extensions ['python_setup_py']
[0.395s] Level 1:colcon.colcon_core.package_identification:_identify(/home/penguine/ros2_ws) by extension 'python_setup_py'
[0.395s] Level 1:colcon.colcon_core.package_identification:_identify(/home/penguine/ros2_ws/log) by extensions ['ignore', 'ignore_ament_install']
[0.396s] Level 1:colcon.colcon_core.package_identification:_identify(/home/penguine/ros2_ws/log) by extension 'ignore'
[0.396s] Level 1:colcon.colcon_core.package_identification:_identify(/home/penguine/ros2_ws/log) ignored
[0.396s] Level 1:colcon.colcon_core.package_identification:_identify(/home/penguine/ros2_ws/src) by extensions ['ignore', 'ignore_ament_install']
[0.396s] Level 1:colcon.colcon_core.package_identification:_identify(/home/penguine/ros2_ws/src) by extension 'ignore'
[0.396s] Level 1:colcon.colcon_core.package_identification:_identify(/home/penguine/ros2_ws/src) by extension 'ignore_ament_install'
[0.396s] Level 1:colcon.colcon_core.package_identification:_identify(/home/penguine/ros2_ws/src) by extensions ['colcon_pkg']
[0.396s] Level 1:colcon.colcon_core.package_identification:_identify(/home/penguine/ros2_ws/src) by extension 'colcon_pkg'
[0.396s] Level 1:colcon.colcon_core.package_identification:_identify(/home/penguine/ros2_ws/src) by extensions ['colcon_meta']
[0.396s] Level 1:colcon.colcon_core.package_identification:_identify(/home/penguine/ros2_ws/src) by extension 'colcon_meta'
[0.396s] Level 1:colcon.colcon_core.package_identification:_identify(/home/penguine/ros2_ws/src) by extensions ['ros']
[0.396s] Level 1:colcon.colcon_core.package_identification:_identify(/home/penguine/ros2_ws/src) by extension 'ros'
[0.396s] Level 1:colcon.colcon_core.package_identification:_identify(/home/penguine/ros2_ws/src) by extensions ['cmake', 'python']
[0.396s] Level 1:colcon.colcon_core.package_identification:_identify(/home/penguine/ros2_ws/src) by extension 'cmake'
[0.396s] Level 1:colcon.colcon_core.package_identification:_identify(/home/penguine/ros2_ws/src) by extension 'python'
[0.396s] Level 1:colcon.colcon_core.package_identification:_identify(/home/penguine/ros2_ws/src) by extensions ['python_setup_py']
[0.396s] Level 1:colcon.colcon_core.package_identification:_identify(/home/penguine/ros2_ws/src) by extension 'python_setup_py'
[0.397s] Level 1:colcon.colcon_core.package_identification:_identify(/home/penguine/ros2_ws/src/hellosmr) by extensions ['ignore', 'ignore_ament_install']
[0.397s] Level 1:colcon.colcon_core.package_identification:_identify(/home/penguine/ros2_ws/src/hellosmr) by extension 'ignore'
[0.397s] Level 1:colcon.colcon_core.package_identification:_identify(/home/penguine/ros2_ws/src/hellosmr) by extension 'ignore_ament_install'
[0.397s] Level 1:colcon.colcon_core.package_identification:_identify(/home/penguine/ros2_ws/src/hellosmr) by extensions ['colcon_pkg']
[0.397s] Level 1:colcon.colcon_core.package_identification:_identify(/home/penguine/ros2_ws/src/hellosmr) by extension 'colcon_pkg'
[0.397s] Level 1:colcon.colcon_core.package_identification:_identify(/home/penguine/ros2_ws/src/hellosmr) by extensions ['colcon_meta']
[0.397s] Level 1:colcon.colcon_core.package_identification:_identify(/home/penguine/ros2_ws/src/hellosmr) by extension 'colcon_meta'
[0.397s] Level 1:colcon.colcon_core.package_identification:_identify(/home/penguine/ros2_ws/src/hellosmr) by extensions ['ros']
[0.397s] Level 1:colcon.colcon_core.package_identification:_identify(/home/penguine/ros2_ws/src/hellosmr) by extension 'ros'
[0.399s] DEBUG:colcon.colcon_core.package_identification:Package '/home/penguine/ros2_ws/src/hellosmr' with type 'ros.ament_python' and name 'hellosmr'
[0.400s] Level 1:colcon.colcon_core.package_identification:_identify(/home/penguine/ros2_ws/src/my_package) by extensions ['ignore', 'ignore_ament_install']
[0.400s] Level 1:colcon.colcon_core.package_identification:_identify(/home/penguine/ros2_ws/src/my_package) by extension 'ignore'
[0.400s] Level 1:colcon.colcon_core.package_identification:_identify(/home/penguine/ros2_ws/src/my_package) by extension 'ignore_ament_install'
[0.400s] Level 1:colcon.colcon_core.package_identification:_identify(/home/penguine/ros2_ws/src/my_package) by extensions ['colcon_pkg']
[0.400s] Level 1:colcon.colcon_core.package_identification:_identify(/home/penguine/ros2_ws/src/my_package) by extension 'colcon_pkg'
[0.400s] Level 1:colcon.colcon_core.package_identification:_identify(/home/penguine/ros2_ws/src/my_package) by extensions ['colcon_meta']
[0.400s] Level 1:colcon.colcon_core.package_identification:_identify(/home/penguine/ros2_ws/src/my_package) by extension 'colcon_meta'
[0.400s] Level 1:colcon.colcon_core.package_identification:_identify(/home/penguine/ros2_ws/src/my_package) by extensions ['ros']
[0.400s] Level 1:colcon.colcon_core.package_identification:_identify(/home/penguine/ros2_ws/src/my_package) by extension 'ros'
[0.401s] DEBUG:colcon.colcon_core.package_identification:Package '/home/penguine/ros2_ws/src/my_package' with type 'ros.ament_python' and name 'my_package'
[0.401s] Level 1:colcon.colcon_core.package_identification:_identify(/home/penguine/ros2_ws/src/pubsub) by extensions ['ignore', 'ignore_ament_install']
[0.401s] Level 1:colcon.colcon_core.package_identification:_identify(/home/penguine/ros2_ws/src/pubsub) by extension 'ignore'
[0.402s] Level 1:colcon.colcon_core.package_identification:_identify(/home/penguine/ros2_ws/src/pubsub) by extension 'ignore_ament_install'
[0.402s] Level 1:colcon.colcon_core.package_identification:_identify(/home/penguine/ros2_ws/src/pubsub) by extensions ['colcon_pkg']
[0.402s] Level 1:colcon.colcon_core.package_identification:_identify(/home/penguine/ros2_ws/src/pubsub) by extension 'colcon_pkg'
[0.402s] Level 1:colcon.colcon_core.package_identification:_identify(/home/penguine/ros2_ws/src/pubsub) by extensions ['colcon_meta']
[0.402s] Level 1:colcon.colcon_core.package_identification:_identify(/home/penguine/ros2_ws/src/pubsub) by extension 'colcon_meta'
[0.402s] Level 1:colcon.colcon_core.package_identification:_identify(/home/penguine/ros2_ws/src/pubsub) by extensions ['ros']
[0.402s] Level 1:colcon.colcon_core.package_identification:_identify(/home/penguine/ros2_ws/src/pubsub) by extension 'ros'
[0.403s] WARNING:colcon.colcon_core.package_identification:ROS package 'pubsub' in '/home/penguine/ros2_ws/src/pubsub' has more than one build type
[0.403s] Level 1:colcon.colcon_core.package_identification:_identify(/home/penguine/ros2_ws/src/pubsub) by extensions ['cmake', 'python']
[0.403s] Level 1:colcon.colcon_core.package_identification:_identify(/home/penguine/ros2_ws/src/pubsub) by extension 'cmake'
[0.403s] Level 1:colcon.colcon_core.package_identification:_identify(/home/penguine/ros2_ws/src/pubsub) by extension 'python'
[0.403s] DEBUG:colcon.colcon_core.package_identification:Python package in '/home/penguine/ros2_ws/src/pubsub' passes arguments to the setup() function which requires a different identification extension than 'python'
[0.403s] Level 1:colcon.colcon_core.package_identification:_identify(/home/penguine/ros2_ws/src/pubsub) by extensions ['python_setup_py']
[0.403s] Level 1:colcon.colcon_core.package_identification:_identify(/home/penguine/ros2_ws/src/pubsub) by extension 'python_setup_py'
[0.801s] DEBUG:colcon.colcon_core.package_identification:Package '/home/penguine/ros2_ws/src/pubsub' with type 'python' and name 'pubsub'
[0.801s] Level 1:colcon.colcon_core.package_identification:_identify(/home/penguine/ros2_ws/src/ros_task) by extensions ['ignore', 'ignore_ament_install']
[0.802s] Level 1:colcon.colcon_core.package_identification:_identify(/home/penguine/ros2_ws/src/ros_task) by extension 'ignore'
[0.802s] Level 1:colcon.colcon_core.package_identification:_identify(/home/penguine/ros2_ws/src/ros_task) by extension 'ignore_ament_install'
[0.802s] Level 1:colcon.colcon_core.package_identification:_identify(/home/penguine/ros2_ws/src/ros_task) by extensions ['colcon_pkg']
[0.802s] Level 1:colcon.colcon_core.package_identification:_identify(/home/penguine/ros2_ws/src/ros_task) by extension 'colcon_pkg'
[0.802s] Level 1:colcon.colcon_core.package_identification:_identify(/home/penguine/ros2_ws/src/ros_task) by extensions ['colcon_meta']
[0.802s] Level 1:colcon.colcon_core.package_identification:_identify(/home/penguine/ros2_ws/src/ros_task) by extension 'colcon_meta'
[0.802s] Level 1:colcon.colcon_core.package_identification:_identify(/home/penguine/ros2_ws/src/ros_task) by extensions ['ros']
[0.802s] Level 1:colcon.colcon_core.package_identification:_identify(/home/penguine/ros2_ws/src/ros_task) by extension 'ros'
[0.802s] Level 1:colcon.colcon_core.package_identification:_identify(/home/penguine/ros2_ws/src/ros_task) by extensions ['cmake', 'python']
[0.802s] Level 1:colcon.colcon_core.package_identification:_identify(/home/penguine/ros2_ws/src/ros_task) by extension 'cmake'
[0.802s] Level 1:colcon.colcon_core.package_identification:_identify(/home/penguine/ros2_ws/src/ros_task) by extension 'python'
[0.802s] Level 1:colcon.colcon_core.package_identification:_identify(/home/penguine/ros2_ws/src/ros_task) by extensions ['python_setup_py']
[0.802s] Level 1:colcon.colcon_core.package_identification:_identify(/home/penguine/ros2_ws/src/ros_task) by extension 'python_setup_py'
[0.802s] Level 1:colcon.colcon_core.package_identification:_identify(/home/penguine/ros2_ws/src/ros_task/ros_task_2) by extensions ['ignore', 'ignore_ament_install']
[0.802s] Level 1:colcon.colcon_core.package_identification:_identify(/home/penguine/ros2_ws/src/ros_task/ros_task_2) by extension 'ignore'
[0.803s] Level 1:colcon.colcon_core.package_identification:_identify(/home/penguine/ros2_ws/src/ros_task/ros_task_2) by extension 'ignore_ament_install'
[0.803s] Level 1:colcon.colcon_core.package_identification:_identify(/home/penguine/ros2_ws/src/ros_task/ros_task_2) by extensions ['colcon_pkg']
[0.803s] Level 1:colcon.colcon_core.package_identification:_identify(/home/penguine/ros2_ws/src/ros_task/ros_task_2) by extension 'colcon_pkg'
[0.803s] Level 1:colcon.colcon_core.package_identification:_identify(/home/penguine/ros2_ws/src/ros_task/ros_task_2) by extensions ['colcon_meta']
[0.803s] Level 1:colcon.colcon_core.package_identification:_identify(/home/penguine/ros2_ws/src/ros_task/ros_task_2) by extension 'colcon_meta'
[0.803s] Level 1:colcon.colcon_core.package_identification:_identify(/home/penguine/ros2_ws/src/ros_task/ros_task_2) by extensions ['ros']
[0.803s] Level 1:colcon.colcon_core.package_identification:_identify(/home/penguine/ros2_ws/src/ros_task/ros_task_2) by extension 'ros'
[0.805s] Level 1:colcon.colcon_core.package_identification:_identify(/home/penguine/ros2_ws/src/ros_task/ros_task_2) by extensions ['cmake', 'python']
[0.805s] Level 1:colcon.colcon_core.package_identification:_identify(/home/penguine/ros2_ws/src/ros_task/ros_task_2) by extension 'cmake'
[0.805s] Level 1:colcon.colcon_core.package_identification:_identify(/home/penguine/ros2_ws/src/ros_task/ros_task_2) by extension 'python'
[0.805s] Level 1:colcon.colcon_core.package_identification:_identify(/home/penguine/ros2_ws/src/ros_task/ros_task_2) by extensions ['python_setup_py']
[0.805s] Level 1:colcon.colcon_core.package_identification:_identify(/home/penguine/ros2_ws/src/ros_task/ros_task_2) by extension 'python_setup_py'
[0.805s] Level 1:colcon.colcon_core.package_identification:_identify(/home/penguine/ros2_ws/src/ros_task/ros_task_2/mini_bot) by extensions ['ignore', 'ignore_ament_install']
[0.806s] Level 1:colcon.colcon_core.package_identification:_identify(/home/penguine/ros2_ws/src/ros_task/ros_task_2/mini_bot) by extension 'ignore'
[0.806s] Level 1:colcon.colcon_core.package_identification:_identify(/home/penguine/ros2_ws/src/ros_task/ros_task_2/mini_bot) by extension 'ignore_ament_install'
[0.806s] Level 1:colcon.colcon_core.package_identification:_identify(/home/penguine/ros2_ws/src/ros_task/ros_task_2/mini_bot) by extensions ['colcon_pkg']
[0.806s] Level 1:colcon.colcon_core.package_identification:_identify(/home/penguine/ros2_ws/src/ros_task/ros_task_2/mini_bot) by extension 'colcon_pkg'
[0.806s] Level 1:colcon.colcon_core.package_identification:_identify(/home/penguine/ros2_ws/src/ros_task/ros_task_2/mini_bot) by extensions ['colcon_meta']
[0.806s] Level 1:colcon.colcon_core.package_identification:_identify(/home/penguine/ros2_ws/src/ros_task/ros_task_2/mini_bot) by extension 'colcon_meta'
[0.806s] Level 1:colcon.colcon_core.package_identification:_identify(/home/penguine/ros2_ws/src/ros_task/ros_task_2/mini_bot) by extensions ['ros']
[0.806s] Level 1:colcon.colcon_core.package_identification:_identify(/home/penguine/ros2_ws/src/ros_task/ros_task_2/mini_bot) by extension 'ros'
[0.806s] Level 1:colcon.colcon_core.package_identification:_identify(/home/penguine/ros2_ws/src/ros_task/ros_task_2/mini_bot) by extensions ['cmake', 'python']
[0.806s] Level 1:colcon.colcon_core.package_identification:_identify(/home/penguine/ros2_ws/src/ros_task/ros_task_2/mini_bot) by extension 'cmake'
[0.806s] Level 1:colcon.colcon_core.package_identification:_identify(/home/penguine/ros2_ws/src/ros_task/ros_task_2/mini_bot) by extension 'python'
[0.806s] Level 1:colcon.colcon_core.package_identification:_identify(/home/penguine/ros2_ws/src/ros_task/ros_task_2/mini_bot) by extensions ['python_setup_py']
[0.806s] Level 1:colcon.colcon_core.package_identification:_identify(/home/penguine/ros2_ws/src/ros_task/ros_task_2/mini_bot) by extension 'python_setup_py'
[0.806s] Level 1:colcon.colcon_core.package_identification:_identify(/home/penguine/ros2_ws/src/ros_task/ros_task_2/mini_bot/urdf) by extensions ['ignore', 'ignore_ament_install']
[0.806s] Level 1:colcon.colcon_core.package_identification:_identify(/home/penguine/ros2_ws/src/ros_task/ros_task_2/mini_bot/urdf) by extension 'ignore'
[0.806s] Level 1:colcon.colcon_core.package_identification:_identify(/home/penguine/ros2_ws/src/ros_task/ros_task_2/mini_bot/urdf) by extension 'ignore_ament_install'
[0.807s] Level 1:colcon.colcon_core.package_identification:_identify(/home/penguine/ros2_ws/src/ros_task/ros_task_2/mini_bot/urdf) by extensions ['colcon_pkg']
[0.807s] Level 1:colcon.colcon_core.package_identification:_identify(/home/penguine/ros2_ws/src/ros_task/ros_task_2/mini_bot/urdf) by extension 'colcon_pkg'
[0.807s] Level 1:colcon.colcon_core.package_identification:_identify(/home/penguine/ros2_ws/src/ros_task/ros_task_2/mini_bot/urdf) by extensions ['colcon_meta']
[0.807s] Level 1:colcon.colcon_core.package_identification:_identify(/home/penguine/ros2_ws/src/ros_task/ros_task_2/mini_bot/urdf) by extension 'colcon_meta'
[0.807s] Level 1:colcon.colcon_core.package_identification:_identify(/home/penguine/ros2_ws/src/ros_task/ros_task_2/mini_bot/urdf) by extensions ['ros']
[0.807s] Level 1:colcon.colcon_core.package_identification:_identify(/home/penguine/ros2_ws/src/ros_task/ros_task_2/mini_bot/urdf) by extension 'ros'
[0.807s] Level 1:colcon.colcon_core.package_identification:_identify(/home/penguine/ros2_ws/src/ros_task/ros_task_2/mini_bot/urdf) by extensions ['cmake', 'python']
[0.807s] Level 1:colcon.colcon_core.package_identification:_identify(/home/penguine/ros2_ws/src/ros_task/ros_task_2/mini_bot/urdf) by extension 'cmake'
[0.807s] Level 1:colcon.colcon_core.package_identification:_identify(/home/penguine/ros2_ws/src/ros_task/ros_task_2/mini_bot/urdf) by extension 'python'
[0.810s] Level 1:colcon.colcon_core.package_identification:_identify(/home/penguine/ros2_ws/src/ros_task/ros_task_2/mini_bot/urdf) by extensions ['python_setup_py']
[0.810s] Level 1:colcon.colcon_core.package_identification:_identify(/home/penguine/ros2_ws/src/ros_task/ros_task_2/mini_bot/urdf) by extension 'python_setup_py'
[0.810s] Level 1:colcon.colcon_core.package_discovery:discover_packages(recursive) using defaults
